\BOOKMARK [1][-]{section.1}{Introduction}{}% 1
\BOOKMARK [1][-]{section.2}{Related Work}{}% 2
\BOOKMARK [2][-]{subsection.2.1}{Statistic Ranking Aggregation}{section.2}% 3
\BOOKMARK [2][-]{subsection.2.2}{Linearized Bregman Iteration \(LBI\)}{section.2}% 4
\BOOKMARK [1][-]{section.3}{Methodology}{}% 5
\BOOKMARK [2][-]{subsection.3.1}{Mixed-Effects HodgeRank on Graphs}{section.3}% 6
\BOOKMARK [2][-]{subsection.3.2}{Parsimonious Paths with Linearized Bregman Iteration}{section.3}% 7
\BOOKMARK [2][-]{subsection.3.3}{General Linear Model for Binary Data}{section.3}% 8
\BOOKMARK [2][-]{subsection.3.4}{Early Stopping Regularization}{section.3}% 9
\BOOKMARK [1][-]{section.4}{Experiments}{}% 10
\BOOKMARK [2][-]{subsection.4.1}{Simulated Study}{section.4}% 11
\BOOKMARK [2][-]{subsection.4.2}{Human Age}{section.4}% 12
\BOOKMARK [2][-]{subsection.4.3}{Image Quality Assessment \(IQA\)}{section.4}% 13
\BOOKMARK [2][-]{subsection.4.4}{WorldCollege Ranking}{section.4}% 14
\BOOKMARK [1][-]{section.5}{Conclusions}{}% 15
\BOOKMARK [1][-]{section*.1}{References}{}% 16
\BOOKMARK [1][-]{IEEEbiography.0}{Biographies}{}% 17
\BOOKMARK [2][-]{IEEEbiography.1}{Qianqian Xu received the B.S. degree in computer science from China University of Mining and Technology in 2007 and the Ph.D. degree in computer science from University of Chinese Academy of Sciences in 2013. She is currently an Associate Professor with the Institute of Information Engineering, Chinese Academy of Sciences, Beijing, China. Her research interests include statistical machine learning, with applications in multimedia and computer vision. She has authored or coauthored 10+ academic papers in prestigious international journals and conferences, among which she has published 4 full papers with the first author's identity in ACM Multimedia \(acceptance rate 17\045\). She served as member of professional committee of CAAI, and member of online program committee of VALSE, etc.}{IEEEbiography.0}% 18
\BOOKMARK [2][-]{IEEEbiography.2}{Jiechao Xiong is currently pursuing the Ph.D. degree in statistics at the School of Mathematical Science, Peking University, Beijing, China. His research interests include statistical learning, data science and topological and geometric methods for high-dimension data analysis.}{IEEEbiography.0}% 19
\BOOKMARK [2][-]{IEEEbiography.3}{Xiaochun Cao, Professor of the Institute of Information Engineering, Chinese Academy of Sciences. He received the B.E. and M.E. degrees both in computer science from Beihang University \(BUAA\), China, and the Ph.D. degree in computer science from the University of Central Florida, USA, with his dissertation nominated for the university level Outstanding Dissertation Award. After graduation, he spent about three years at ObjectVideo Inc. as a Research Scientist. From 2008 to 2012, he was a professor at Tianjin University. He has authored and coauthored over 100 journal and conference papers. In 2004 and 2010, he was the recipients of the Piero Zamperoni best student paper award at the International Conference on Pattern Recognition. He is a fellow of IET and a Senior Member of IEEE. He is an associate editor of IEEE Transactions on Image Processing.}{IEEEbiography.0}% 20
\BOOKMARK [2][-]{IEEEbiography.4}{Yuan Yao received the B.S.E and M.S.E in control engineering both from Harbin Institute of Technology, China, in 1996 and 1998, respectively, M.Phil in mathematics from City University of Hong Kong in 2002, and Ph.D. in mathematics from the University of California, Berkeley, in 2006. Since then he has been with Stanford University and in 2009, he joined the School of Mathematical Sciences, Peking University, Beijing, China, as a professor of statistics in the Hundred Talents Program. His current research interests include topological and geometric methods for high dimensional data analysis and statistical machine learning, with applications in computational biology, computer vision, and information retrieval. Dr. Yao is a member of American Mathematical Society \(AMS\), Association for Computing Machinery \(ACM\), Institute of Mathematical Statistics \(IMS\), and Society for Industrial and Applied Mathematics \(SIAM\). He served as area or session chair in NIPS and ICIAM, as well as a reviewer of Foundation of Computational Mathematics, IEEE Trans. Infomation Theory, J. Machine Learning Research, and Neural Computation, etc.}{IEEEbiography.0}% 21
